<?xml version="1.0" encoding="UTF-8"?>
<testng-results ignored="0" total="1" passed="1" failed="0" skipped="0">
  <reporter-output>
  </reporter-output>
  <suite started-at="2023-07-17T16:42:11 IST" name="Default suite" finished-at="2023-07-17T16:42:15 IST" duration-ms="3678">
    <groups>
    </groups>
    <test started-at="2023-07-17T16:42:11 IST" name="Default test" finished-at="2023-07-17T16:42:15 IST" duration-ms="3678">
      <class name="OrangeHRM_TestCases.AdminLoginWithValidData">
        <test-method is-config="true" signature="LanchApp()[pri:0, instance:OrangeHRM_TestCases.AdminLoginWithValidData@3cebbb30]" started-at="2023-07-17T16:42:06 IST" name="LanchApp" finished-at="2023-07-17T16:42:11 IST" duration-ms="5293" status="PASS">
          <reporter-output>
          </reporter-output>
        </test-method> <!-- LanchApp -->
        <test-method signature="CheckAdminLogin()[pri:0, instance:OrangeHRM_TestCases.AdminLoginWithValidData@3cebbb30]" started-at="2023-07-17T16:42:11 IST" name="CheckAdminLogin" finished-at="2023-07-17T16:42:15 IST" duration-ms="3583" status="PASS">
          <reporter-output>
          </reporter-output>
        </test-method> <!-- CheckAdminLogin -->
        <test-method is-config="true" signature="CloseApp()[pri:0, instance:OrangeHRM_TestCases.AdminLoginWithValidData@3cebbb30]" started-at="2023-07-17T16:42:15 IST" name="CloseApp" finished-at="2023-07-17T16:42:15 IST" duration-ms="274" status="PASS">
          <reporter-output>
          </reporter-output>
        </test-method> <!-- CloseApp -->
      </class> <!-- OrangeHRM_TestCases.AdminLoginWithValidData -->
    </test> <!-- Default test -->
  </suite> <!-- Default suite -->
</testng-results>
